2019-04-22T01:23:46.290Z - error: uncaughtException: kill ENOSYS date=Sun Apr 21 2019 22:23:46 GMT-0300 (GMT-03:00), pid=6212, uid=null, gid=null, cwd=P:\arquivos\fatec\gpes\salv-api, execPath=P:\Programas\nodejs\node.exe, version=v11.0.0, argv=[P:\Programas\nodejs\node.exe, C:\Users\mmpod\AppData\Roaming\npm\node_modules\jsreport-cli\cli.js, start], rss=57847808, heapTotal=72957952, heapUsed=60954832, external=742340, loadavg=[0, 0, 0], uptime=548357, trace=[column=13, file=internal/process/per_thread.js, function=process.kill, line=198, method=kill, native=false, column=15, file=P:\arquivos\fatec\gpes\salv-api\node_modules\signal-exit\index.js, function=process.listener, line=95, method=listener, native=false, column=13, file=events.js, function=process.emit, line=182, method=emit, native=false], stack=[Error: kill ENOSYS,     at process.kill (internal/process/per_thread.js:198:13),     at process.listener (P:\arquivos\fatec\gpes\salv-api\node_modules\signal-exit\index.js:95:15),     at process.emit (events.js:182:13)]
2019-04-23T01:16:49.899Z - error: uncaughtException: kill ENOSYS date=Mon Apr 22 2019 22:16:49 GMT-0300 (GMT-03:00), pid=18164, uid=null, gid=null, cwd=P:\arquivos\fatec\gpes\salv-api, execPath=P:\Programas\nodejs\node.exe, version=v11.0.0, argv=[P:\Programas\nodejs\node.exe, C:\Users\mmpod\AppData\Roaming\npm\node_modules\jsreport-cli\cli.js, start], rss=92057600, heapTotal=70901760, heapUsed=61735192, external=1432217, loadavg=[0, 0, 0], uptime=634340, trace=[column=13, file=internal/process/per_thread.js, function=process.kill, line=198, method=kill, native=false, column=15, file=P:\arquivos\fatec\gpes\salv-api\node_modules\signal-exit\index.js, function=process.listener, line=95, method=listener, native=false, column=13, file=events.js, function=process.emit, line=182, method=emit, native=false], stack=[Error: kill ENOSYS,     at process.kill (internal/process/per_thread.js:198:13),     at process.listener (P:\arquivos\fatec\gpes\salv-api\node_modules\signal-exit\index.js:95:15),     at process.emit (events.js:182:13)]
2019-04-23T03:23:09.324Z - error: uncaughtException: kill ENOSYS date=Tue Apr 23 2019 00:23:09 GMT-0300 (GMT-03:00), pid=22312, uid=null, gid=null, cwd=P:\arquivos\fatec\gpes\salv-api, execPath=P:\Programas\nodejs\node.exe, version=v11.0.0, argv=[P:\Programas\nodejs\node.exe, C:\Users\mmpod\AppData\Roaming\npm\node_modules\jsreport-cli\cli.js, start], rss=87490560, heapTotal=66707456, heapUsed=58034848, external=418595, loadavg=[0, 0, 0], uptime=641920, trace=[column=13, file=internal/process/per_thread.js, function=process.kill, line=198, method=kill, native=false, column=15, file=P:\arquivos\fatec\gpes\salv-api\node_modules\signal-exit\index.js, function=process.listener, line=95, method=listener, native=false, column=13, file=events.js, function=process.emit, line=182, method=emit, native=false], stack=[Error: kill ENOSYS,     at process.kill (internal/process/per_thread.js:198:13),     at process.listener (P:\arquivos\fatec\gpes\salv-api\node_modules\signal-exit\index.js:95:15),     at process.emit (events.js:182:13)]
2019-04-23T22:23:07.608Z - error: Failed to run reaper: Error: ENOENT: no such file or directory, scandir 'C:\Users\mmpod\AppData\Local\Temp\jsreport\autocleanup'
2019-04-23T22:23:37.603Z - error: Failed to run reaper: Error: ENOENT: no such file or directory, scandir 'C:\Users\mmpod\AppData\Local\Temp\jsreport\autocleanup'
2019-04-23T22:24:07.603Z - error: Failed to run reaper: Error: ENOENT: no such file or directory, scandir 'C:\Users\mmpod\AppData\Local\Temp\jsreport\autocleanup'
2019-04-24T02:43:33.193Z - error: Error during processing request at http://localhost:3660/api/report, details: Not initialized, you need to call jsreport.init().then before rendering, stack: Error: Not initialized, you need to call jsreport.init().then before rendering
    at Reporter.render (P:\arquivos\fatec\gpes\salv-api\node_modules\jsreport-core\lib\reporter.js:255:13)
    at Object.reporter.express.render (P:\arquivos\fatec\gpes\salv-api\node_modules\jsreport-express\lib\routes.js:41:14)
    at app.post (P:\arquivos\fatec\gpes\salv-api\node_modules\jsreport-express\lib\routes.js:74:22)
    at Layer.handle [as handle_request] (P:\arquivos\fatec\gpes\salv-api\node_modules\express\lib\router\layer.js:95:5)
    at next (P:\arquivos\fatec\gpes\salv-api\node_modules\express\lib\router\route.js:137:13)
    at Route.dispatch (P:\arquivos\fatec\gpes\salv-api\node_modules\express\lib\router\route.js:112:3)
    at Layer.handle [as handle_request] (P:\arquivos\fatec\gpes\salv-api\node_modules\express\lib\router\layer.js:95:5)
    at P:\arquivos\fatec\gpes\salv-api\node_modules\express\lib\router\index.js:281:22
    at param (P:\arquivos\fatec\gpes\salv-api\node_modules\express\lib\router\index.js:354:14)
    at param (P:\arquivos\fatec\gpes\salv-api\node_modules\express\lib\router\index.js:365:14)
    at Function.process_params (P:\arquivos\fatec\gpes\salv-api\node_modules\express\lib\router\index.js:410:3)
    at next (P:\arquivos\fatec\gpes\salv-api\node_modules\express\lib\router\index.js:275:10)
    at app.use (P:\arquivos\fatec\gpes\salv-api\node_modules\jsreport-express\lib\routes.js:16:5)
    at Layer.handle [as handle_request] (P:\arquivos\fatec\gpes\salv-api\node_modules\express\lib\router\layer.js:95:5)
    at trim_prefix (P:\arquivos\fatec\gpes\salv-api\node_modules\express\lib\router\index.js:317:13)
    at P:\arquivos\fatec\gpes\salv-api\node_modules\express\lib\router\index.js:284:7
    at Function.process_params (P:\arquivos\fatec\gpes\salv-api\node_modules\express\lib\router\index.js:335:12)
    at next (P:\arquivos\fatec\gpes\salv-api\node_modules\express\lib\router\index.js:275:10)
    at reporter.express.app.use (P:\arquivos\fatec\gpes\salv-api\node_modules\jsreport-studio\lib\studio.js:78:7)
    at Layer.handle [as handle_request] (P:\arquivos\fatec\gpes\salv-api\node_modules\express\lib\router\layer.js:95:5)
    at trim_prefix (P:\arquivos\fatec\gpes\salv-api\node_modules\express\lib\router\index.js:317:13)
    at P:\arquivos\fatec\gpes\salv-api\node_modules\express\lib\router\index.js:284:7
2019-04-24T03:19:33.131Z - error: uncaughtException: kill ENOSYS date=Wed Apr 24 2019 00:19:33 GMT-0300 (GMT-03:00), pid=18392, uid=null, gid=null, cwd=P:\arquivos\fatec\gpes\salv-api, execPath=P:\Programas\nodejs\node.exe, version=v11.0.0, argv=[P:\Programas\nodejs\node.exe, C:\Users\mmpod\AppData\Roaming\npm\node_modules\jsreport-cli\cli.js, start], rss=91504640, heapTotal=69328896, heapUsed=59062384, external=836786, loadavg=[0, 0, 0], uptime=728103, trace=[column=13, file=internal/process/per_thread.js, function=process.kill, line=198, method=kill, native=false, column=15, file=P:\arquivos\fatec\gpes\salv-api\node_modules\signal-exit\index.js, function=process.listener, line=95, method=listener, native=false, column=13, file=events.js, function=process.emit, line=182, method=emit, native=false], stack=[Error: kill ENOSYS,     at process.kill (internal/process/per_thread.js:198:13),     at process.listener (P:\arquivos\fatec\gpes\salv-api\node_modules\signal-exit\index.js:95:15),     at process.emit (events.js:182:13)]
